<?xml version="1.0" encoding="UTF-8"?>
<coverage generated="1607246158896" clover="3.2.0">
  <project timestamp="1607246158896" name="All files">
    <metrics statements="88" coveredstatements="63" conditionals="34" coveredconditionals="17" methods="38" coveredmethods="21" elements="160" coveredelements="101" complexity="0" loc="88" ncloc="88" packages="18" files="20" classes="20"/>
    <package name="src">
      <metrics statements="2" coveredstatements="2" conditionals="0" coveredconditionals="0" methods="2" coveredmethods="2"/>
      <file name="api.js" path="/Users/yewin/Projects/weather-widget/src/api.js">
        <metrics statements="2" coveredstatements="2" conditionals="0" coveredconditionals="0" methods="2" coveredmethods="2"/>
        <line num="8" count="3" type="stmt"/>
        <line num="12" count="2" type="stmt"/>
      </file>
    </package>
    <package name="src.actions">
      <metrics statements="19" coveredstatements="19" conditionals="0" coveredconditionals="0" methods="10" coveredmethods="10"/>
      <file name="weatherActions.js" path="/Users/yewin/Projects/weather-widget/src/actions/weatherActions.js">
        <metrics statements="19" coveredstatements="19" conditionals="0" coveredconditionals="0" methods="10" coveredmethods="10"/>
        <line num="12" count="3" type="stmt"/>
        <line num="13" count="3" type="stmt"/>
        <line num="14" count="3" type="stmt"/>
        <line num="15" count="3" type="stmt"/>
        <line num="16" count="1" type="stmt"/>
        <line num="17" count="1" type="stmt"/>
        <line num="20" count="2" type="stmt"/>
        <line num="23" count="3" type="stmt"/>
        <line num="26" count="3" type="stmt"/>
        <line num="30" count="3" type="stmt"/>
        <line num="35" count="3" type="stmt"/>
        <line num="36" count="3" type="stmt"/>
        <line num="37" count="3" type="stmt"/>
        <line num="38" count="3" type="stmt"/>
        <line num="39" count="2" type="stmt"/>
        <line num="42" count="1" type="stmt"/>
        <line num="45" count="3" type="stmt"/>
        <line num="48" count="3" type="stmt"/>
        <line num="52" count="3" type="stmt"/>
      </file>
    </package>
    <package name="src.components.AppMainLayout">
      <metrics statements="1" coveredstatements="1" conditionals="0" coveredconditionals="0" methods="0" coveredmethods="0"/>
      <file name="index.js" path="/Users/yewin/Projects/weather-widget/src/components/AppMainLayout/index.js">
        <metrics statements="1" coveredstatements="1" conditionals="0" coveredconditionals="0" methods="0" coveredmethods="0"/>
        <line num="3" count="2" type="stmt"/>
      </file>
    </package>
    <package name="src.components.AppTitle">
      <metrics statements="1" coveredstatements="1" conditionals="0" coveredconditionals="0" methods="0" coveredmethods="0"/>
      <file name="index.js" path="/Users/yewin/Projects/weather-widget/src/components/AppTitle/index.js">
        <metrics statements="1" coveredstatements="1" conditionals="0" coveredconditionals="0" methods="0" coveredmethods="0"/>
        <line num="3" count="3" type="stmt"/>
      </file>
    </package>
    <package name="src.components.Button">
      <metrics statements="1" coveredstatements="1" conditionals="0" coveredconditionals="0" methods="0" coveredmethods="0"/>
      <file name="index.js" path="/Users/yewin/Projects/weather-widget/src/components/Button/index.js">
        <metrics statements="1" coveredstatements="1" conditionals="0" coveredconditionals="0" methods="0" coveredmethods="0"/>
        <line num="3" count="4" type="stmt"/>
      </file>
    </package>
    <package name="src.components.Div">
      <metrics statements="1" coveredstatements="1" conditionals="0" coveredconditionals="0" methods="0" coveredmethods="0"/>
      <file name="index.js" path="/Users/yewin/Projects/weather-widget/src/components/Div/index.js">
        <metrics statements="1" coveredstatements="1" conditionals="0" coveredconditionals="0" methods="0" coveredmethods="0"/>
        <line num="3" count="4" type="stmt"/>
      </file>
    </package>
    <package name="src.components.H4">
      <metrics statements="1" coveredstatements="1" conditionals="0" coveredconditionals="0" methods="0" coveredmethods="0"/>
      <file name="index.js" path="/Users/yewin/Projects/weather-widget/src/components/H4/index.js">
        <metrics statements="1" coveredstatements="1" conditionals="0" coveredconditionals="0" methods="0" coveredmethods="0"/>
        <line num="3" count="4" type="stmt"/>
      </file>
    </package>
    <package name="src.components.Input">
      <metrics statements="1" coveredstatements="1" conditionals="0" coveredconditionals="0" methods="0" coveredmethods="0"/>
      <file name="index.js" path="/Users/yewin/Projects/weather-widget/src/components/Input/index.js">
        <metrics statements="1" coveredstatements="1" conditionals="0" coveredconditionals="0" methods="0" coveredmethods="0"/>
        <line num="3" count="4" type="stmt"/>
      </file>
    </package>
    <package name="src.components.Layout">
      <metrics statements="7" coveredstatements="7" conditionals="12" coveredconditionals="6" methods="6" coveredmethods="6"/>
      <file name="index.js" path="/Users/yewin/Projects/weather-widget/src/components/Layout/index.js">
        <metrics statements="7" coveredstatements="7" conditionals="12" coveredconditionals="6" methods="6" coveredmethods="6"/>
        <line num="3" count="5" type="stmt"/>
        <line num="4" count="1" type="cond" truecount="1" falsecount="1"/>
        <line num="5" count="1" type="cond" truecount="1" falsecount="1"/>
        <line num="6" count="1" type="cond" truecount="1" falsecount="1"/>
        <line num="7" count="1" type="cond" truecount="1" falsecount="1"/>
        <line num="8" count="1" type="cond" truecount="1" falsecount="1"/>
        <line num="9" count="1" type="cond" truecount="1" falsecount="1"/>
      </file>
    </package>
    <package name="src.components.Text">
      <metrics statements="1" coveredstatements="1" conditionals="0" coveredconditionals="0" methods="0" coveredmethods="0"/>
      <file name="index.js" path="/Users/yewin/Projects/weather-widget/src/components/Text/index.js">
        <metrics statements="1" coveredstatements="1" conditionals="0" coveredconditionals="0" methods="0" coveredmethods="0"/>
        <line num="3" count="4" type="stmt"/>
      </file>
    </package>
    <package name="src.components.TypeSearch">
      <metrics statements="4" coveredstatements="1" conditionals="0" coveredconditionals="0" methods="3" coveredmethods="0"/>
      <file name="index.js" path="/Users/yewin/Projects/weather-widget/src/components/TypeSearch/index.js">
        <metrics statements="4" coveredstatements="1" conditionals="0" coveredconditionals="0" methods="3" coveredmethods="0"/>
        <line num="6" count="3" type="stmt"/>
        <line num="7" count="0" type="stmt"/>
        <line num="10" count="0" type="stmt"/>
        <line num="13" count="0" type="stmt"/>
      </file>
    </package>
    <package name="src.components.WeatherBoard">
      <metrics statements="14" coveredstatements="1" conditionals="10" coveredconditionals="0" methods="7" coveredmethods="0"/>
      <file name="index.js" path="/Users/yewin/Projects/weather-widget/src/components/WeatherBoard/index.js">
        <metrics statements="14" coveredstatements="1" conditionals="10" coveredconditionals="0" methods="7" coveredmethods="0"/>
        <line num="6" count="3" type="stmt"/>
        <line num="10" count="0" type="stmt"/>
        <line num="11" count="0" type="stmt"/>
        <line num="14" count="0" type="stmt"/>
        <line num="15" count="0" type="stmt"/>
        <line num="21" count="0" type="stmt"/>
        <line num="22" count="0" type="stmt"/>
        <line num="43" count="0" type="stmt"/>
        <line num="44" count="0" type="stmt"/>
        <line num="48" count="0" type="stmt"/>
        <line num="49" count="0" type="stmt"/>
        <line num="52" count="0" type="stmt"/>
        <line num="62" count="0" type="stmt"/>
        <line num="63" count="0" type="stmt"/>
      </file>
    </package>
    <package name="src.constants">
      <metrics statements="7" coveredstatements="7" conditionals="0" coveredconditionals="0" methods="0" coveredmethods="0"/>
      <file name="actionsTypes.js" path="/Users/yewin/Projects/weather-widget/src/constants/actionsTypes.js">
        <metrics statements="6" coveredstatements="6" conditionals="0" coveredconditionals="0" methods="0" coveredmethods="0"/>
        <line num="1" count="5" type="stmt"/>
        <line num="2" count="5" type="stmt"/>
        <line num="3" count="5" type="stmt"/>
        <line num="5" count="5" type="stmt"/>
        <line num="6" count="5" type="stmt"/>
        <line num="7" count="5" type="stmt"/>
      </file>
      <file name="credentials.js" path="/Users/yewin/Projects/weather-widget/src/constants/credentials.js">
        <metrics statements="1" coveredstatements="1" conditionals="0" coveredconditionals="0" methods="0" coveredmethods="0"/>
        <line num="1" count="3" type="stmt"/>
      </file>
    </package>
    <package name="src.containers.App">
      <metrics statements="1" coveredstatements="1" conditionals="0" coveredconditionals="0" methods="1" coveredmethods="1"/>
      <file name="index.js" path="/Users/yewin/Projects/weather-widget/src/containers/App/index.js">
        <metrics statements="1" coveredstatements="1" conditionals="0" coveredconditionals="0" methods="1" coveredmethods="1"/>
        <line num="6" count="1" type="stmt"/>
      </file>
    </package>
    <package name="src.containers.HomePage">
      <metrics statements="11" coveredstatements="2" conditionals="0" coveredconditionals="0" methods="7" coveredmethods="0"/>
      <file name="index.js" path="/Users/yewin/Projects/weather-widget/src/containers/HomePage/index.js">
        <metrics statements="11" coveredstatements="2" conditionals="0" coveredconditionals="0" methods="7" coveredmethods="0"/>
        <line num="11" count="0" type="stmt"/>
        <line num="12" count="0" type="stmt"/>
        <line num="18" count="0" type="stmt"/>
        <line num="19" count="0" type="stmt"/>
        <line num="24" count="0" type="stmt"/>
        <line num="25" count="0" type="stmt"/>
        <line num="33" count="2" type="stmt"/>
        <line num="34" count="0" type="stmt"/>
        <line num="35" count="0" type="stmt"/>
        <line num="38" count="2" type="stmt"/>
        <line num="39" count="0" type="stmt"/>
      </file>
    </package>
    <package name="src.reducers">
      <metrics statements="9" coveredstatements="9" conditionals="8" coveredconditionals="8" methods="1" coveredmethods="1"/>
      <file name="index.js" path="/Users/yewin/Projects/weather-widget/src/reducers/index.js">
        <metrics statements="0" coveredstatements="0" conditionals="0" coveredconditionals="0" methods="0" coveredmethods="0"/>
      </file>
      <file name="weather.js" path="/Users/yewin/Projects/weather-widget/src/reducers/weather.js">
        <metrics statements="9" coveredstatements="9" conditionals="8" coveredconditionals="8" methods="1" coveredmethods="1"/>
        <line num="10" count="4" type="stmt"/>
        <line num="21" count="32" type="cond" truecount="7" falsecount="0"/>
        <line num="23" count="3" type="stmt"/>
        <line num="35" count="1" type="stmt"/>
        <line num="45" count="2" type="stmt"/>
        <line num="58" count="3" type="stmt"/>
        <line num="67" count="2" type="stmt"/>
        <line num="77" count="1" type="stmt"/>
        <line num="87" count="20" type="stmt"/>
      </file>
    </package>
    <package name="src.store">
      <metrics statements="4" coveredstatements="4" conditionals="4" coveredconditionals="3" methods="0" coveredmethods="0"/>
      <file name="index.js" path="/Users/yewin/Projects/weather-widget/src/store/index.js">
        <metrics statements="4" coveredstatements="4" conditionals="4" coveredconditionals="3" methods="0" coveredmethods="0"/>
        <line num="6" count="4" type="cond" truecount="3" falsecount="1"/>
        <line num="10" count="4" type="stmt"/>
        <line num="12" count="4" type="stmt"/>
        <line num="14" count="4" type="stmt"/>
      </file>
    </package>
    <package name="src.utils">
      <metrics statements="3" coveredstatements="3" conditionals="0" coveredconditionals="0" methods="1" coveredmethods="1"/>
      <file name="index.js" path="/Users/yewin/Projects/weather-widget/src/utils/index.js">
        <metrics statements="3" coveredstatements="3" conditionals="0" coveredconditionals="0" methods="1" coveredmethods="1"/>
        <line num="6" count="4" type="stmt"/>
        <line num="7" count="8" type="stmt"/>
        <line num="8" count="8" type="stmt"/>
      </file>
    </package>
  </project>
</coverage>
