{"/Users/yewin/Projects/weather-widget/src/api.js": {"path":"/Users/yewin/Projects/weather-widget/src/api.js","statementMap":{"0":{"start":{"line":8,"column":8},"end":{"line":10,"column":9}},"1":{"start":{"line":12,"column":8},"end":{"line":14,"column":9}}},"fnMap":{"0":{"name":"(anonymous_0)","decl":{"start":{"line":7,"column":25},"end":{"line":7,"column":26}},"loc":{"start":{"line":8,"column":8},"end":{"line":10,"column":9}},"line":8},"1":{"name":"(anonymous_1)","decl":{"start":{"line":11,"column":26},"end":{"line":11,"column":27}},"loc":{"start":{"line":12,"column":8},"end":{"line":14,"column":9}},"line":12}},"branchMap":{},"s":{"0":3,"1":2},"f":{"0":3,"1":2},"b":{},"_coverageSchema":"1a1c01bbd47fc00a2c39e90264f33305004495a9","hash":"261efee4820273fc997f1444767a51c2d68f90c1"}
,"/Users/yewin/Projects/weather-widget/src/actions/weatherActions.js": {"path":"/Users/yewin/Projects/weather-widget/src/actions/weatherActions.js","statementMap":{"0":{"start":{"line":12,"column":28},"end":{"line":22,"column":1}},"1":{"start":{"line":12,"column":40},"end":{"line":22,"column":1}},"2":{"start":{"line":13,"column":4},"end":{"line":13,"column":34}},"3":{"start":{"line":14,"column":4},"end":{"line":21,"column":5}},"4":{"start":{"line":15,"column":20},"end":{"line":15,"column":57}},"5":{"start":{"line":16,"column":8},"end":{"line":16,"column":48}},"6":{"start":{"line":17,"column":8},"end":{"line":17,"column":49}},"7":{"start":{"line":20,"column":8},"end":{"line":20,"column":37}},"8":{"start":{"line":23,"column":27},"end":{"line":25,"column":2}},"9":{"start":{"line":23,"column":34},"end":{"line":25,"column":1}},"10":{"start":{"line":26,"column":29},"end":{"line":29,"column":2}},"11":{"start":{"line":26,"column":40},"end":{"line":29,"column":1}},"12":{"start":{"line":30,"column":25},"end":{"line":33,"column":2}},"13":{"start":{"line":30,"column":35},"end":{"line":33,"column":1}},"14":{"start":{"line":35,"column":37},"end":{"line":44,"column":1}},"15":{"start":{"line":35,"column":49},"end":{"line":44,"column":1}},"16":{"start":{"line":36,"column":4},"end":{"line":36,"column":32}},"17":{"start":{"line":37,"column":4},"end":{"line":43,"column":5}},"18":{"start":{"line":38,"column":20},"end":{"line":38,"column":86}},"19":{"start":{"line":39,"column":8},"end":{"line":39,"column":46}},"20":{"start":{"line":42,"column":8},"end":{"line":42,"column":35}},"21":{"start":{"line":45,"column":25},"end":{"line":47,"column":2}},"22":{"start":{"line":45,"column":32},"end":{"line":47,"column":1}},"23":{"start":{"line":48,"column":27},"end":{"line":51,"column":2}},"24":{"start":{"line":48,"column":38},"end":{"line":51,"column":1}},"25":{"start":{"line":52,"column":23},"end":{"line":55,"column":2}},"26":{"start":{"line":52,"column":34},"end":{"line":55,"column":1}}},"fnMap":{"0":{"name":"(anonymous_0)","decl":{"start":{"line":12,"column":28},"end":{"line":12,"column":29}},"loc":{"start":{"line":12,"column":40},"end":{"line":22,"column":1}},"line":12},"1":{"name":"(anonymous_1)","decl":{"start":{"line":12,"column":40},"end":{"line":12,"column":41}},"loc":{"start":{"line":12,"column":58},"end":{"line":22,"column":1}},"line":12},"2":{"name":"(anonymous_2)","decl":{"start":{"line":23,"column":27},"end":{"line":23,"column":28}},"loc":{"start":{"line":23,"column":34},"end":{"line":25,"column":1}},"line":23},"3":{"name":"(anonymous_3)","decl":{"start":{"line":26,"column":29},"end":{"line":26,"column":30}},"loc":{"start":{"line":26,"column":40},"end":{"line":29,"column":1}},"line":26},"4":{"name":"(anonymous_4)","decl":{"start":{"line":30,"column":25},"end":{"line":30,"column":26}},"loc":{"start":{"line":30,"column":35},"end":{"line":33,"column":1}},"line":30},"5":{"name":"(anonymous_5)","decl":{"start":{"line":35,"column":37},"end":{"line":35,"column":38}},"loc":{"start":{"line":35,"column":49},"end":{"line":44,"column":1}},"line":35},"6":{"name":"(anonymous_6)","decl":{"start":{"line":35,"column":49},"end":{"line":35,"column":50}},"loc":{"start":{"line":35,"column":67},"end":{"line":44,"column":1}},"line":35},"7":{"name":"(anonymous_7)","decl":{"start":{"line":45,"column":25},"end":{"line":45,"column":26}},"loc":{"start":{"line":45,"column":32},"end":{"line":47,"column":1}},"line":45},"8":{"name":"(anonymous_8)","decl":{"start":{"line":48,"column":27},"end":{"line":48,"column":28}},"loc":{"start":{"line":48,"column":38},"end":{"line":51,"column":1}},"line":48},"9":{"name":"(anonymous_9)","decl":{"start":{"line":52,"column":23},"end":{"line":52,"column":24}},"loc":{"start":{"line":52,"column":34},"end":{"line":55,"column":1}},"line":52}},"branchMap":{},"s":{"0":3,"1":3,"2":3,"3":3,"4":3,"5":1,"6":1,"7":2,"8":3,"9":3,"10":3,"11":1,"12":3,"13":2,"14":3,"15":3,"16":3,"17":3,"18":3,"19":2,"20":1,"21":3,"22":3,"23":3,"24":2,"25":3,"26":1},"f":{"0":3,"1":3,"2":3,"3":1,"4":2,"5":3,"6":3,"7":3,"8":2,"9":1},"b":{},"_coverageSchema":"1a1c01bbd47fc00a2c39e90264f33305004495a9","hash":"ffdb4201db9bfe489b54e21f9b4b1f54723e9419"}
,"/Users/yewin/Projects/weather-widget/src/components/AppMainLayout/index.js": {"path":"/Users/yewin/Projects/weather-widget/src/components/AppMainLayout/index.js","statementMap":{"0":{"start":{"line":3,"column":22},"end":{"line":7,"column":1}}},"fnMap":{},"branchMap":{},"s":{"0":2},"f":{},"b":{},"_coverageSchema":"1a1c01bbd47fc00a2c39e90264f33305004495a9","hash":"05071b01bb90e6c7982590886a0af82c63cdf44f"}
,"/Users/yewin/Projects/weather-widget/src/components/AppTitle/index.js": {"path":"/Users/yewin/Projects/weather-widget/src/components/AppTitle/index.js","statementMap":{"0":{"start":{"line":3,"column":17},"end":{"line":6,"column":1}}},"fnMap":{},"branchMap":{},"s":{"0":3},"f":{},"b":{},"_coverageSchema":"1a1c01bbd47fc00a2c39e90264f33305004495a9","hash":"54c7c66c8338427dcffe9450f8b7a83f9da9676c"}
,"/Users/yewin/Projects/weather-widget/src/components/Button/index.js": {"path":"/Users/yewin/Projects/weather-widget/src/components/Button/index.js","statementMap":{"0":{"start":{"line":3,"column":15},"end":{"line":11,"column":1}}},"fnMap":{},"branchMap":{},"s":{"0":4},"f":{},"b":{},"_coverageSchema":"1a1c01bbd47fc00a2c39e90264f33305004495a9","hash":"9f805453df3d16400e3dc67ee14d59701aa6f321"}
,"/Users/yewin/Projects/weather-widget/src/components/Div/index.js": {"path":"/Users/yewin/Projects/weather-widget/src/components/Div/index.js","statementMap":{"0":{"start":{"line":3,"column":12},"end":{"line":6,"column":1}}},"fnMap":{},"branchMap":{},"s":{"0":4},"f":{},"b":{},"_coverageSchema":"1a1c01bbd47fc00a2c39e90264f33305004495a9","hash":"21caa04810ad7fe6ebb2786ebeb7ec5ca30f9d09"}
,"/Users/yewin/Projects/weather-widget/src/components/H4/index.js": {"path":"/Users/yewin/Projects/weather-widget/src/components/H4/index.js","statementMap":{"0":{"start":{"line":3,"column":11},"end":{"line":6,"column":1}}},"fnMap":{},"branchMap":{},"s":{"0":4},"f":{},"b":{},"_coverageSchema":"1a1c01bbd47fc00a2c39e90264f33305004495a9","hash":"e5583000c20b9903c4865412be377b2c792dad07"}
,"/Users/yewin/Projects/weather-widget/src/components/Input/index.js": {"path":"/Users/yewin/Projects/weather-widget/src/components/Input/index.js","statementMap":{"0":{"start":{"line":3,"column":14},"end":{"line":7,"column":1}}},"fnMap":{},"branchMap":{},"s":{"0":4},"f":{},"b":{},"_coverageSchema":"1a1c01bbd47fc00a2c39e90264f33305004495a9","hash":"6f7dd38ddc25febb913614f15ae7712295047f32"}
,"/Users/yewin/Projects/weather-widget/src/components/Layout/index.js": {"path":"/Users/yewin/Projects/weather-widget/src/components/Layout/index.js","statementMap":{"0":{"start":{"line":3,"column":15},"end":{"line":10,"column":1}},"1":{"start":{"line":4,"column":24},"end":{"line":4,"column":53}},"2":{"start":{"line":5,"column":30},"end":{"line":5,"column":57}},"3":{"start":{"line":6,"column":32},"end":{"line":6,"column":68}},"4":{"start":{"line":7,"column":27},"end":{"line":7,"column":51}},"5":{"start":{"line":8,"column":23},"end":{"line":8,"column":56}},"6":{"start":{"line":9,"column":24},"end":{"line":9,"column":47}}},"fnMap":{"0":{"name":"(anonymous_0)","decl":{"start":{"line":4,"column":15},"end":{"line":4,"column":16}},"loc":{"start":{"line":4,"column":24},"end":{"line":4,"column":53}},"line":4},"1":{"name":"(anonymous_1)","decl":{"start":{"line":5,"column":21},"end":{"line":5,"column":22}},"loc":{"start":{"line":5,"column":30},"end":{"line":5,"column":57}},"line":5},"2":{"name":"(anonymous_2)","decl":{"start":{"line":6,"column":23},"end":{"line":6,"column":24}},"loc":{"start":{"line":6,"column":32},"end":{"line":6,"column":68}},"line":6},"3":{"name":"(anonymous_3)","decl":{"start":{"line":7,"column":18},"end":{"line":7,"column":19}},"loc":{"start":{"line":7,"column":27},"end":{"line":7,"column":51}},"line":7},"4":{"name":"(anonymous_4)","decl":{"start":{"line":8,"column":14},"end":{"line":8,"column":15}},"loc":{"start":{"line":8,"column":23},"end":{"line":8,"column":56}},"line":8},"5":{"name":"(anonymous_5)","decl":{"start":{"line":9,"column":15},"end":{"line":9,"column":16}},"loc":{"start":{"line":9,"column":24},"end":{"line":9,"column":47}},"line":9}},"branchMap":{"0":{"loc":{"start":{"line":4,"column":24},"end":{"line":4,"column":53}},"type":"cond-expr","locations":[{"start":{"line":4,"column":37},"end":{"line":4,"column":43}},{"start":{"line":4,"column":46},"end":{"line":4,"column":53}}],"line":4},"1":{"loc":{"start":{"line":5,"column":30},"end":{"line":5,"column":57}},"type":"cond-expr","locations":[{"start":{"line":5,"column":45},"end":{"line":5,"column":51}},{"start":{"line":5,"column":54},"end":{"line":5,"column":57}}],"line":5},"2":{"loc":{"start":{"line":6,"column":32},"end":{"line":6,"column":68}},"type":"cond-expr","locations":[{"start":{"line":6,"column":48},"end":{"line":6,"column":63}},{"start":{"line":6,"column":66},"end":{"line":6,"column":68}}],"line":6},"3":{"loc":{"start":{"line":7,"column":27},"end":{"line":7,"column":51}},"type":"binary-expr","locations":[{"start":{"line":7,"column":27},"end":{"line":7,"column":40}},{"start":{"line":7,"column":44},"end":{"line":7,"column":51}}],"line":7},"4":{"loc":{"start":{"line":8,"column":23},"end":{"line":8,"column":56}},"type":"binary-expr","locations":[{"start":{"line":8,"column":23},"end":{"line":8,"column":36}},{"start":{"line":8,"column":40},"end":{"line":8,"column":56}}],"line":8},"5":{"loc":{"start":{"line":9,"column":24},"end":{"line":9,"column":47}},"type":"binary-expr","locations":[{"start":{"line":9,"column":24},"end":{"line":9,"column":37}},{"start":{"line":9,"column":41},"end":{"line":9,"column":47}}],"line":9}},"s":{"0":5,"1":1,"2":1,"3":1,"4":1,"5":1,"6":1},"f":{"0":1,"1":1,"2":1,"3":1,"4":1,"5":1},"b":{"0":[0,1],"1":[0,1],"2":[0,1],"3":[1,0],"4":[1,0],"5":[1,0]},"_coverageSchema":"1a1c01bbd47fc00a2c39e90264f33305004495a9","hash":"8d78d9f30468630ba150ed2c41fb8b1753b265b7"}
,"/Users/yewin/Projects/weather-widget/src/components/Text/index.js": {"path":"/Users/yewin/Projects/weather-widget/src/components/Text/index.js","statementMap":{"0":{"start":{"line":3,"column":13},"end":{"line":6,"column":1}}},"fnMap":{},"branchMap":{},"s":{"0":4},"f":{},"b":{},"_coverageSchema":"1a1c01bbd47fc00a2c39e90264f33305004495a9","hash":"1d7aa19aa37e8d8a533d2f3d90a7455bda5d26a9"}
,"/Users/yewin/Projects/weather-widget/src/components/TypeSearch/index.js": {"path":"/Users/yewin/Projects/weather-widget/src/components/TypeSearch/index.js","statementMap":{"0":{"start":{"line":6,"column":19},"end":{"line":19,"column":9}},"1":{"start":{"line":7,"column":12},"end":{"line":18,"column":21}},"2":{"start":{"line":10,"column":36},"end":{"line":10,"column":66}},"3":{"start":{"line":13,"column":34},"end":{"line":13,"column":50}}},"fnMap":{"0":{"name":"(anonymous_0)","decl":{"start":{"line":6,"column":19},"end":{"line":6,"column":20}},"loc":{"start":{"line":7,"column":12},"end":{"line":18,"column":21}},"line":7},"1":{"name":"(anonymous_1)","decl":{"start":{"line":10,"column":30},"end":{"line":10,"column":31}},"loc":{"start":{"line":10,"column":36},"end":{"line":10,"column":66}},"line":10},"2":{"name":"(anonymous_2)","decl":{"start":{"line":13,"column":29},"end":{"line":13,"column":30}},"loc":{"start":{"line":13,"column":34},"end":{"line":13,"column":50}},"line":13}},"branchMap":{},"s":{"0":3,"1":0,"2":0,"3":0},"f":{"0":0,"1":0,"2":0},"b":{},"_coverageSchema":"1a1c01bbd47fc00a2c39e90264f33305004495a9","hash":"028b8f8f79c913c3918eb32a3bba7ebb56fa890a"}
,"/Users/yewin/Projects/weather-widget/src/components/WeatherBoard/index.js": {"path":"/Users/yewin/Projects/weather-widget/src/components/WeatherBoard/index.js","statementMap":{"0":{"start":{"line":6,"column":13},"end":{"line":6,"column":39}},"1":{"start":{"line":10,"column":20},"end":{"line":12,"column":5}},"2":{"start":{"line":11,"column":8},"end":{"line":11,"column":34}},"3":{"start":{"line":14,"column":16},"end":{"line":14,"column":41}},"4":{"start":{"line":15,"column":8},"end":{"line":19,"column":9}},"5":{"start":{"line":21,"column":24},"end":{"line":42,"column":5}},"6":{"start":{"line":22,"column":8},"end":{"line":41,"column":17}},"7":{"start":{"line":43,"column":18},"end":{"line":47,"column":5}},"8":{"start":{"line":44,"column":8},"end":{"line":46,"column":17}},"9":{"start":{"line":48,"column":21},"end":{"line":60,"column":5}},"10":{"start":{"line":49,"column":8},"end":{"line":59,"column":17}},"11":{"start":{"line":52,"column":20},"end":{"line":56,"column":26}},"12":{"start":{"line":62,"column":28},"end":{"line":62,"column":38}},"13":{"start":{"line":63,"column":8},"end":{"line":71,"column":10}}},"fnMap":{"0":{"name":"(anonymous_0)","decl":{"start":{"line":10,"column":20},"end":{"line":10,"column":21}},"loc":{"start":{"line":11,"column":8},"end":{"line":11,"column":34}},"line":11},"1":{"name":"(anonymous_1)","decl":{"start":{"line":13,"column":4},"end":{"line":13,"column":5}},"loc":{"start":{"line":13,"column":30},"end":{"line":20,"column":5}},"line":13},"2":{"name":"(anonymous_2)","decl":{"start":{"line":21,"column":24},"end":{"line":21,"column":25}},"loc":{"start":{"line":22,"column":8},"end":{"line":41,"column":17}},"line":22},"3":{"name":"(anonymous_3)","decl":{"start":{"line":43,"column":18},"end":{"line":43,"column":19}},"loc":{"start":{"line":44,"column":8},"end":{"line":46,"column":17}},"line":44},"4":{"name":"(anonymous_4)","decl":{"start":{"line":48,"column":21},"end":{"line":48,"column":22}},"loc":{"start":{"line":49,"column":8},"end":{"line":59,"column":17}},"line":49},"5":{"name":"(anonymous_5)","decl":{"start":{"line":51,"column":43},"end":{"line":51,"column":44}},"loc":{"start":{"line":52,"column":20},"end":{"line":56,"column":26}},"line":52},"6":{"name":"(anonymous_6)","decl":{"start":{"line":61,"column":4},"end":{"line":61,"column":5}},"loc":{"start":{"line":61,"column":13},"end":{"line":72,"column":5}},"line":61}},"branchMap":{"0":{"loc":{"start":{"line":65,"column":17},"end":{"line":65,"column":67}},"type":"binary-expr","locations":[{"start":{"line":65,"column":17},"end":{"line":65,"column":43}},{"start":{"line":65,"column":47},"end":{"line":65,"column":67}}],"line":65},"1":{"loc":{"start":{"line":66,"column":17},"end":{"line":66,"column":79}},"type":"binary-expr","locations":[{"start":{"line":66,"column":17},"end":{"line":66,"column":44}},{"start":{"line":66,"column":48},"end":{"line":66,"column":79}}],"line":66},"2":{"loc":{"start":{"line":67,"column":17},"end":{"line":67,"column":75}},"type":"binary-expr","locations":[{"start":{"line":67,"column":17},"end":{"line":67,"column":46}},{"start":{"line":67,"column":50},"end":{"line":67,"column":75}}],"line":67},"3":{"loc":{"start":{"line":68,"column":17},"end":{"line":68,"column":75}},"type":"binary-expr","locations":[{"start":{"line":68,"column":17},"end":{"line":68,"column":46}},{"start":{"line":68,"column":50},"end":{"line":68,"column":75}}],"line":68},"4":{"loc":{"start":{"line":69,"column":17},"end":{"line":69,"column":89}},"type":"binary-expr","locations":[{"start":{"line":69,"column":17},"end":{"line":69,"column":57}},{"start":{"line":69,"column":61},"end":{"line":69,"column":89}}],"line":69}},"s":{"0":3,"1":0,"2":0,"3":0,"4":0,"5":0,"6":0,"7":0,"8":0,"9":0,"10":0,"11":0,"12":0,"13":0},"f":{"0":0,"1":0,"2":0,"3":0,"4":0,"5":0,"6":0},"b":{"0":[0,0],"1":[0,0],"2":[0,0],"3":[0,0],"4":[0,0]},"_coverageSchema":"1a1c01bbd47fc00a2c39e90264f33305004495a9","hash":"35cd09353ce5b1fe5ddea95c977686186ef7ec53"}
,"/Users/yewin/Projects/weather-widget/src/constants/actionsTypes.js": {"path":"/Users/yewin/Projects/weather-widget/src/constants/actionsTypes.js","statementMap":{"0":{"start":{"line":1,"column":32},"end":{"line":1,"column":50}},"1":{"start":{"line":2,"column":35},"end":{"line":2,"column":56}},"2":{"start":{"line":3,"column":31},"end":{"line":3,"column":48}},"3":{"start":{"line":5,"column":33},"end":{"line":5,"column":52}},"4":{"start":{"line":6,"column":36},"end":{"line":6,"column":58}},"5":{"start":{"line":7,"column":32},"end":{"line":7,"column":50}}},"fnMap":{},"branchMap":{},"s":{"0":5,"1":5,"2":5,"3":5,"4":5,"5":5},"f":{},"b":{},"_coverageSchema":"1a1c01bbd47fc00a2c39e90264f33305004495a9","hash":"3df3b006afe591ef04be472999481b4577c449aa"}
,"/Users/yewin/Projects/weather-widget/src/constants/credentials.js": {"path":"/Users/yewin/Projects/weather-widget/src/constants/credentials.js","statementMap":{"0":{"start":{"line":1,"column":23},"end":{"line":1,"column":57}}},"fnMap":{},"branchMap":{},"s":{"0":3},"f":{},"b":{},"_coverageSchema":"1a1c01bbd47fc00a2c39e90264f33305004495a9","hash":"a54e57718922419b45ef8d41cb671ad6d3cb9f62"}
,"/Users/yewin/Projects/weather-widget/src/containers/App/index.js": {"path":"/Users/yewin/Projects/weather-widget/src/containers/App/index.js","statementMap":{"0":{"start":{"line":6,"column":8},"end":{"line":10,"column":10}}},"fnMap":{"0":{"name":"(anonymous_0)","decl":{"start":{"line":5,"column":4},"end":{"line":5,"column":5}},"loc":{"start":{"line":5,"column":13},"end":{"line":11,"column":5}},"line":5}},"branchMap":{},"s":{"0":1},"f":{"0":1},"b":{},"_coverageSchema":"1a1c01bbd47fc00a2c39e90264f33305004495a9","hash":"80394d64fe2ec81c08540f75caaca99a7208f408"}
,"/Users/yewin/Projects/weather-widget/src/containers/HomePage/index.js": {"path":"/Users/yewin/Projects/weather-widget/src/containers/HomePage/index.js","statementMap":{"0":{"start":{"line":11,"column":8},"end":{"line":11,"column":21}},"1":{"start":{"line":12,"column":8},"end":{"line":14,"column":10}},"2":{"start":{"line":18,"column":28},"end":{"line":18,"column":38}},"3":{"start":{"line":19,"column":8},"end":{"line":29,"column":10}},"4":{"start":{"line":24,"column":40},"end":{"line":24,"column":69}},"5":{"start":{"line":25,"column":35},"end":{"line":25,"column":75}},"6":{"start":{"line":33,"column":27},"end":{"line":37,"column":1}},"7":{"start":{"line":34,"column":4},"end":{"line":36,"column":5}},"8":{"start":{"line":35,"column":34},"end":{"line":35,"column":64}},"9":{"start":{"line":38,"column":24},"end":{"line":42,"column":1}},"10":{"start":{"line":39,"column":4},"end":{"line":41,"column":5}}},"fnMap":{"0":{"name":"(anonymous_0)","decl":{"start":{"line":10,"column":4},"end":{"line":10,"column":5}},"loc":{"start":{"line":10,"column":23},"end":{"line":15,"column":5}},"line":10},"1":{"name":"(anonymous_1)","decl":{"start":{"line":17,"column":4},"end":{"line":17,"column":5}},"loc":{"start":{"line":17,"column":13},"end":{"line":30,"column":5}},"line":17},"2":{"name":"(anonymous_2)","decl":{"start":{"line":24,"column":30},"end":{"line":24,"column":31}},"loc":{"start":{"line":24,"column":40},"end":{"line":24,"column":69}},"line":24},"3":{"name":"(anonymous_3)","decl":{"start":{"line":25,"column":30},"end":{"line":25,"column":31}},"loc":{"start":{"line":25,"column":35},"end":{"line":25,"column":75}},"line":25},"4":{"name":"(anonymous_4)","decl":{"start":{"line":33,"column":27},"end":{"line":33,"column":28}},"loc":{"start":{"line":33,"column":41},"end":{"line":37,"column":1}},"line":33},"5":{"name":"(anonymous_5)","decl":{"start":{"line":35,"column":22},"end":{"line":35,"column":23}},"loc":{"start":{"line":35,"column":34},"end":{"line":35,"column":64}},"line":35},"6":{"name":"(anonymous_6)","decl":{"start":{"line":38,"column":24},"end":{"line":38,"column":25}},"loc":{"start":{"line":38,"column":35},"end":{"line":42,"column":1}},"line":38}},"branchMap":{},"s":{"0":0,"1":0,"2":0,"3":0,"4":0,"5":0,"6":2,"7":0,"8":0,"9":2,"10":0},"f":{"0":0,"1":0,"2":0,"3":0,"4":0,"5":0,"6":0},"b":{},"_coverageSchema":"1a1c01bbd47fc00a2c39e90264f33305004495a9","hash":"aadb4f4ebaea6ee8abbf8ffde5ddb90035491e41"}
,"/Users/yewin/Projects/weather-widget/src/reducers/index.js": {"path":"/Users/yewin/Projects/weather-widget/src/reducers/index.js","statementMap":{},"fnMap":{},"branchMap":{},"s":{},"f":{},"b":{},"_coverageSchema":"1a1c01bbd47fc00a2c39e90264f33305004495a9","hash":"8904985469b569e544d54228b53c14c4f40010a0"}
,"/Users/yewin/Projects/weather-widget/src/reducers/weather.js": {"path":"/Users/yewin/Projects/weather-widget/src/reducers/weather.js","statementMap":{"0":{"start":{"line":10,"column":22},"end":{"line":18,"column":1}},"1":{"start":{"line":21,"column":4},"end":{"line":88,"column":5}},"2":{"start":{"line":23,"column":12},"end":{"line":33,"column":13}},"3":{"start":{"line":35,"column":12},"end":{"line":43,"column":13}},"4":{"start":{"line":45,"column":12},"end":{"line":56,"column":13}},"5":{"start":{"line":58,"column":12},"end":{"line":65,"column":13}},"6":{"start":{"line":67,"column":12},"end":{"line":75,"column":13}},"7":{"start":{"line":77,"column":12},"end":{"line":85,"column":13}},"8":{"start":{"line":87,"column":12},"end":{"line":87,"column":24}}},"fnMap":{"0":{"name":"(anonymous_0)","decl":{"start":{"line":20,"column":15},"end":{"line":20,"column":16}},"loc":{"start":{"line":20,"column":50},"end":{"line":89,"column":1}},"line":20}},"branchMap":{"0":{"loc":{"start":{"line":20,"column":16},"end":{"line":20,"column":37}},"type":"default-arg","locations":[{"start":{"line":20,"column":24},"end":{"line":20,"column":37}}],"line":20},"1":{"loc":{"start":{"line":21,"column":4},"end":{"line":88,"column":5}},"type":"switch","locations":[{"start":{"line":22,"column":8},"end":{"line":33,"column":13}},{"start":{"line":34,"column":8},"end":{"line":43,"column":13}},{"start":{"line":44,"column":8},"end":{"line":56,"column":13}},{"start":{"line":57,"column":8},"end":{"line":65,"column":13}},{"start":{"line":66,"column":8},"end":{"line":75,"column":13}},{"start":{"line":76,"column":8},"end":{"line":85,"column":13}},{"start":{"line":86,"column":8},"end":{"line":87,"column":24}}],"line":21}},"s":{"0":4,"1":32,"2":3,"3":1,"4":2,"5":3,"6":2,"7":1,"8":20},"f":{"0":32},"b":{"0":[20],"1":[3,1,2,3,2,1,20]},"_coverageSchema":"1a1c01bbd47fc00a2c39e90264f33305004495a9","hash":"eb190a1ba423c26922ab9c407d8a22ea2ce24391"}
,"/Users/yewin/Projects/weather-widget/src/store/index.js": {"path":"/Users/yewin/Projects/weather-widget/src/store/index.js","statementMap":{"0":{"start":{"line":6,"column":2},"end":{"line":8,"column":61}},"1":{"start":{"line":10,"column":27},"end":{"line":10,"column":34}},"2":{"start":{"line":12,"column":41},"end":{"line":12,"column":103}},"3":{"start":{"line":14,"column":21},"end":{"line":14,"column":59}}},"fnMap":{},"branchMap":{"0":{"loc":{"start":{"line":6,"column":2},"end":{"line":8,"column":61}},"type":"cond-expr","locations":[{"start":{"line":8,"column":4},"end":{"line":8,"column":51}},{"start":{"line":8,"column":54},"end":{"line":8,"column":61}}],"line":6},"1":{"loc":{"start":{"line":6,"column":2},"end":{"line":7,"column":45}},"type":"binary-expr","locations":[{"start":{"line":6,"column":2},"end":{"line":6,"column":28}},{"start":{"line":7,"column":2},"end":{"line":7,"column":45}}],"line":6}},"s":{"0":4,"1":4,"2":4,"3":4},"f":{},"b":{"0":[0,4],"1":[4,4]},"_coverageSchema":"1a1c01bbd47fc00a2c39e90264f33305004495a9","hash":"bc00de5957f311dc3b0b94de7ac0a5a78c985fca"}
,"/Users/yewin/Projects/weather-widget/src/utils/index.js": {"path":"/Users/yewin/Projects/weather-widget/src/utils/index.js","statementMap":{"0":{"start":{"line":6,"column":25},"end":{"line":9,"column":1}},"1":{"start":{"line":7,"column":38},"end":{"line":7,"column":82}},"2":{"start":{"line":8,"column":4},"end":{"line":8,"column":64}}},"fnMap":{"0":{"name":"(anonymous_0)","decl":{"start":{"line":6,"column":25},"end":{"line":6,"column":26}},"loc":{"start":{"line":6,"column":43},"end":{"line":9,"column":1}},"line":6}},"branchMap":{},"s":{"0":4,"1":8,"2":8},"f":{"0":8},"b":{},"_coverageSchema":"1a1c01bbd47fc00a2c39e90264f33305004495a9","hash":"19b5defb089427a7e62b8d57ec3ba106853b22d5"}
}
