TN:
SF:src/api.js
FN:7,(anonymous_0)
FN:11,(anonymous_1)
FNF:2
FNH:2
FNDA:3,(anonymous_0)
FNDA:2,(anonymous_1)
DA:8,3
DA:12,2
LF:2
LH:2
BRF:0
BRH:0
end_of_record
TN:
SF:src/actions/weatherActions.js
FN:12,(anonymous_0)
FN:12,(anonymous_1)
FN:23,(anonymous_2)
FN:26,(anonymous_3)
FN:30,(anonymous_4)
FN:35,(anonymous_5)
FN:35,(anonymous_6)
FN:45,(anonymous_7)
FN:48,(anonymous_8)
FN:52,(anonymous_9)
FNF:10
FNH:10
FNDA:3,(anonymous_0)
FNDA:3,(anonymous_1)
FNDA:3,(anonymous_2)
FNDA:1,(anonymous_3)
FNDA:2,(anonymous_4)
FNDA:3,(anonymous_5)
FNDA:3,(anonymous_6)
FNDA:3,(anonymous_7)
FNDA:2,(anonymous_8)
FNDA:1,(anonymous_9)
DA:12,3
DA:13,3
DA:14,3
DA:15,3
DA:16,1
DA:17,1
DA:20,2
DA:23,3
DA:26,3
DA:30,3
DA:35,3
DA:36,3
DA:37,3
DA:38,3
DA:39,2
DA:42,1
DA:45,3
DA:48,3
DA:52,3
LF:19
LH:19
BRF:0
BRH:0
end_of_record
TN:
SF:src/components/AppMainLayout/index.js
FNF:0
FNH:0
DA:3,2
LF:1
LH:1
BRF:0
BRH:0
end_of_record
TN:
SF:src/components/AppTitle/index.js
FNF:0
FNH:0
DA:3,3
LF:1
LH:1
BRF:0
BRH:0
end_of_record
TN:
SF:src/components/Button/index.js
FNF:0
FNH:0
DA:3,4
LF:1
LH:1
BRF:0
BRH:0
end_of_record
TN:
SF:src/components/Div/index.js
FNF:0
FNH:0
DA:3,4
LF:1
LH:1
BRF:0
BRH:0
end_of_record
TN:
SF:src/components/H4/index.js
FNF:0
FNH:0
DA:3,4
LF:1
LH:1
BRF:0
BRH:0
end_of_record
TN:
SF:src/components/Input/index.js
FNF:0
FNH:0
DA:3,4
LF:1
LH:1
BRF:0
BRH:0
end_of_record
TN:
SF:src/components/Layout/index.js
FN:4,(anonymous_0)
FN:5,(anonymous_1)
FN:6,(anonymous_2)
FN:7,(anonymous_3)
FN:8,(anonymous_4)
FN:9,(anonymous_5)
FNF:6
FNH:6
FNDA:1,(anonymous_0)
FNDA:1,(anonymous_1)
FNDA:1,(anonymous_2)
FNDA:1,(anonymous_3)
FNDA:1,(anonymous_4)
FNDA:1,(anonymous_5)
DA:3,5
DA:4,1
DA:5,1
DA:6,1
DA:7,1
DA:8,1
DA:9,1
LF:7
LH:7
BRDA:4,0,0,0
BRDA:4,0,1,1
BRDA:5,1,0,0
BRDA:5,1,1,1
BRDA:6,2,0,0
BRDA:6,2,1,1
BRDA:7,3,0,1
BRDA:7,3,1,0
BRDA:8,4,0,1
BRDA:8,4,1,0
BRDA:9,5,0,1
BRDA:9,5,1,0
BRF:12
BRH:6
end_of_record
TN:
SF:src/components/Text/index.js
FNF:0
FNH:0
DA:3,4
LF:1
LH:1
BRF:0
BRH:0
end_of_record
TN:
SF:src/components/TypeSearch/index.js
FN:6,(anonymous_0)
FN:10,(anonymous_1)
FN:13,(anonymous_2)
FNF:3
FNH:0
FNDA:0,(anonymous_0)
FNDA:0,(anonymous_1)
FNDA:0,(anonymous_2)
DA:6,3
DA:7,0
DA:10,0
DA:13,0
LF:4
LH:1
BRF:0
BRH:0
end_of_record
TN:
SF:src/components/WeatherBoard/index.js
FN:10,(anonymous_0)
FN:13,(anonymous_1)
FN:21,(anonymous_2)
FN:43,(anonymous_3)
FN:48,(anonymous_4)
FN:51,(anonymous_5)
FN:61,(anonymous_6)
FNF:7
FNH:0
FNDA:0,(anonymous_0)
FNDA:0,(anonymous_1)
FNDA:0,(anonymous_2)
FNDA:0,(anonymous_3)
FNDA:0,(anonymous_4)
FNDA:0,(anonymous_5)
FNDA:0,(anonymous_6)
DA:6,3
DA:10,0
DA:11,0
DA:14,0
DA:15,0
DA:21,0
DA:22,0
DA:43,0
DA:44,0
DA:48,0
DA:49,0
DA:52,0
DA:62,0
DA:63,0
LF:14
LH:1
BRDA:65,0,0,0
BRDA:65,0,1,0
BRDA:66,1,0,0
BRDA:66,1,1,0
BRDA:67,2,0,0
BRDA:67,2,1,0
BRDA:68,3,0,0
BRDA:68,3,1,0
BRDA:69,4,0,0
BRDA:69,4,1,0
BRF:10
BRH:0
end_of_record
TN:
SF:src/constants/actionsTypes.js
FNF:0
FNH:0
DA:1,5
DA:2,5
DA:3,5
DA:5,5
DA:6,5
DA:7,5
LF:6
LH:6
BRF:0
BRH:0
end_of_record
TN:
SF:src/constants/credentials.js
FNF:0
FNH:0
DA:1,3
LF:1
LH:1
BRF:0
BRH:0
end_of_record
TN:
SF:src/containers/App/index.js
FN:5,(anonymous_0)
FNF:1
FNH:1
FNDA:1,(anonymous_0)
DA:6,1
LF:1
LH:1
BRF:0
BRH:0
end_of_record
TN:
SF:src/containers/HomePage/index.js
FN:10,(anonymous_0)
FN:17,(anonymous_1)
FN:24,(anonymous_2)
FN:25,(anonymous_3)
FN:33,(anonymous_4)
FN:35,(anonymous_5)
FN:38,(anonymous_6)
FNF:7
FNH:0
FNDA:0,(anonymous_0)
FNDA:0,(anonymous_1)
FNDA:0,(anonymous_2)
FNDA:0,(anonymous_3)
FNDA:0,(anonymous_4)
FNDA:0,(anonymous_5)
FNDA:0,(anonymous_6)
DA:11,0
DA:12,0
DA:18,0
DA:19,0
DA:24,0
DA:25,0
DA:33,2
DA:34,0
DA:35,0
DA:38,2
DA:39,0
LF:11
LH:2
BRF:0
BRH:0
end_of_record
TN:
SF:src/reducers/index.js
FNF:0
FNH:0
LF:0
LH:0
BRF:0
BRH:0
end_of_record
TN:
SF:src/reducers/weather.js
FN:20,(anonymous_0)
FNF:1
FNH:1
FNDA:32,(anonymous_0)
DA:10,4
DA:21,32
DA:23,3
DA:35,1
DA:45,2
DA:58,3
DA:67,2
DA:77,1
DA:87,20
LF:9
LH:9
BRDA:20,0,0,20
BRDA:21,1,0,3
BRDA:21,1,1,1
BRDA:21,1,2,2
BRDA:21,1,3,3
BRDA:21,1,4,2
BRDA:21,1,5,1
BRDA:21,1,6,20
BRF:8
BRH:8
end_of_record
TN:
SF:src/store/index.js
FNF:0
FNH:0
DA:6,4
DA:10,4
DA:12,4
DA:14,4
LF:4
LH:4
BRDA:6,0,0,0
BRDA:6,0,1,4
BRDA:6,1,0,4
BRDA:6,1,1,4
BRF:4
BRH:3
end_of_record
TN:
SF:src/utils/index.js
FN:6,(anonymous_0)
FNF:1
FNH:1
FNDA:8,(anonymous_0)
DA:6,4
DA:7,8
DA:8,8
LF:3
LH:3
BRF:0
BRH:0
end_of_record
